#-----------------------------------------------------------
# Vivado v2025.1 (64-bit)
# SW Build 6140274 on Thu May 22 00:12:29 MDT 2025
# IP Build 6138677 on Thu May 22 03:10:11 MDT 2025
# SharedData Build 6139179 on Tue May 20 17:58:58 MDT 2025
# Start of session at: Wed Apr  1 17:25:12 2026
# Process ID         : 21668
# Current directory  : C:/Users/nguye/Desktop/LAB/Project/Pipeline_RISCV
# Command line       : vivado.exe -gui_launcher_event rodinguilauncherevent14776 C:\Users\nguye\Desktop\LAB\Project\Pipeline_RISCV\Pipeline_RISCV.xpr
# Log file           : C:/Users/nguye/Desktop/LAB/Project/Pipeline_RISCV/vivado.log
# Journal file       : C:/Users/nguye/Desktop/LAB/Project/Pipeline_RISCV\vivado.jou
# Running On         : DESKTOP-0UL7VKJ
# Platform           : Windows Server 2016 or Windows 10
# Operating System   : 26200
# Processor Detail   : AMD Ryzen 5 5600H with Radeon Graphics         
# CPU Frequency      : 3294 MHz
# CPU Physical cores : 6
# CPU Logical cores  : 12
# Host memory        : 16474 MB
# Swap memory        : 9663 MB
# Total Virtual      : 26138 MB
# Available Virtual  : 10438 MB
#-----------------------------------------------------------
start_gui
open_project C:/Users/nguye/Desktop/LAB/Project/Pipeline_RISCV/Pipeline_RISCV.xpr
WARNING: [Board 49-26] cannot add Board Part xilinx.com:emb-plus-vpr-4616:part0:1.0 available at D:/Vivado/2025.1/data/xhub/boards\XilinxBoardStore\boards\Xilinx\emb-plus-vpr-4616\1.0\board.xml as part xcve2302-sfva784-2mp-e-s specified in board_part file is either invalid or not available
WARNING: [Board 49-26] cannot add Board Part xilinx.com:emb-plus-vpr-4616:part0:1.1 available at D:/Vivado/2025.1/data/xhub/boards\XilinxBoardStore\boards\Xilinx\emb-plus-vpr-4616\1.1\board.xml as part xcve2302-sfva784-2mp-e-s specified in board_part file is either invalid or not available
WARNING: [Board 49-26] cannot add Board Part xilinx.com:kc705:part0:1.6 available at D:/Vivado/2025.1/data/xhub/boards\XilinxBoardStore\boards\Xilinx\kc705\1.6\board.xml as part xc7k325tffg900-2 specified in board_part file is either invalid or not available
WARNING: [Board 49-26] cannot add Board Part xilinx.com:kc705:part0:1.7 available at D:/Vivado/2025.1/data/xhub/boards\XilinxBoardStore\boards\Xilinx\kc705\1.7\board.xml as part xc7k325tffg900-2 specified in board_part file is either invalid or not available
WARNING: [Board 49-26] cannot add Board Part xilinx.com:kcu105:part0:1.6 available at D:/Vivado/2025.1/data/xhub/boards\XilinxBoardStore\boards\Xilinx\kcu105\1.6\board.xml as part xcku040-ffva1156-2-e specified in board_part file is either invalid or not available
WARNING: [Board 49-26] cannot add Board Part xilinx.com:kcu105:part0:1.7 available at D:/Vivado/2025.1/data/xhub/boards\XilinxBoardStore\boards\Xilinx\kcu105\1.7\board.xml as part xcku040-ffva1156-2-e specified in board_part file is either invalid or not available
WARNING: [Board 49-26] cannot add Board Part xilinx.com:sp701:part0:1.0 available at D:/Vivado/2025.1/data/xhub/boards\XilinxBoardStore\boards\Xilinx\sp701\1.0\board.xml as part xc7s100fgga676-2 specified in board_part file is either invalid or not available
WARNING: [Board 49-26] cannot add Board Part xilinx.com:sp701:part0:1.1 available at D:/Vivado/2025.1/data/xhub/boards\XilinxBoardStore\boards\Xilinx\sp701\1.1\board.xml as part xc7s100fgga676-2 specified in board_part file is either invalid or not available
WARNING: [Board 49-26] cannot add Board Part xilinx.com:v80:part0:1.0 available at D:/Vivado/2025.1/data/xhub/boards\XilinxBoardStore\boards\Xilinx\v80\1.0\board.xml as part xcv80-lsva4737-2mhp-e-s specified in board_part file is either invalid or not available
WARNING: [Board 49-26] cannot add Board Part xilinx.com:vc707:part0:1.4 available at D:/Vivado/2025.1/data/xhub/boards\XilinxBoardStore\boards\Xilinx\vc707\1.4\board.xml as part xc7vx485tffg1761-2 specified in board_part file is either invalid or not available
WARNING: [Board 49-26] cannot add Board Part xilinx.com:vc707:part0:1.5 available at D:/Vivado/2025.1/data/xhub/boards\XilinxBoardStore\boards\Xilinx\vc707\1.5\board.xml as part xc7vx485tffg1761-2 specified in board_part file is either invalid or not available
WARNING: [Board 49-26] cannot add Board Part xilinx.com:vc709:part0:1.8 available at D:/Vivado/2025.1/data/xhub/boards\XilinxBoardStore\boards\Xilinx\vc709\1.8\board.xml as part xc7vx690tffg1761-2 specified in board_part file is either invalid or not available
WARNING: [Board 49-26] cannot add Board Part xilinx.com:vcu108:part0:1.6 available at D:/Vivado/2025.1/data/xhub/boards\XilinxBoardStore\boards\Xilinx\vcu108\1.6\board.xml as part xcvu095-ffva2104-2-e specified in board_part file is either invalid or not available
WARNING: [Board 49-26] cannot add Board Part xilinx.com:vcu108:part0:1.7 available at D:/Vivado/2025.1/data/xhub/boards\XilinxBoardStore\boards\Xilinx\vcu108\1.7\board.xml as part xcvu095-ffva2104-2-e specified in board_part file is either invalid or not available
WARNING: [Board 49-26] cannot add Board Part xilinx.com:vcu110:part0:1.4 available at D:/Vivado/2025.1/data/xhub/boards\XilinxBoardStore\boards\Xilinx\vcu110\1.4\board.xml as part xcvu190-flgc2104-2-e specified in board_part file is either invalid or not available
WARNING: [Board 49-26] cannot add Board Part xilinx.com:vcu128:part0:1.0 available at D:/Vivado/2025.1/data/xhub/boards\XilinxBoardStore\boards\Xilinx\vcu128\production\1.0\board.xml as part xcvu37p-fsvh2892-2l-e specified in board_part file is either invalid or not available
WARNING: [Board 49-26] cannot add Board Part xilinx.com:vcu129:part0:1.0 available at D:/Vivado/2025.1/data/xhub/boards\XilinxBoardStore\boards\Xilinx\vcu129\production\1.0\board.xml as part xcvu29p-fsga2577-2l-e specified in board_part file is either invalid or not available
WARNING: [Board 49-26] cannot add Board Part xilinx.com:vek280:part0:1.0 available at D:/Vivado/2025.1/data/xhub/boards\XilinxBoardStore\boards\Xilinx\vek280\production\1.0\board.xml as part xcve2802-vsvh1760-2mp-e-s specified in board_part file is either invalid or not available
WARNING: [Board 49-26] cannot add Board Part xilinx.com:vek280:part0:1.1 available at D:/Vivado/2025.1/data/xhub/boards\XilinxBoardStore\boards\Xilinx\vek280\production\1.1\board.xml as part xcve2802-vsvh1760-2mp-e-s specified in board_part file is either invalid or not available
WARNING: [Board 49-26] cannot add Board Part xilinx.com:vek280:part0:1.2 available at D:/Vivado/2025.1/data/xhub/boards\XilinxBoardStore\boards\Xilinx\vek280\production\1.2\board.xml as part xcve2802-vsvh1760-2mp-e-s specified in board_part file is either invalid or not available
WARNING: [Board 49-26] cannot add Board Part xilinx.com:vek385:part0:1.0 available at D:/Vivado/2025.1/data/xhub/boards\XilinxBoardStore\boards\Xilinx\vek385\1.0\board.xml as part xc2ve3858-ssva2112-2mp-e-s specified in board_part file is either invalid or not available
WARNING: [Board 49-26] cannot add Board Part xilinx.com:vermeo_t1_rfsoc:part0:1.0 available at D:/Vivado/2025.1/data/xhub/boards\XilinxBoardStore\boards\Xilinx\vermeo_t1_rfsoc\1.0\board.xml as part xczu21dr-ffvd1156-2l-e specified in board_part file is either invalid or not available
WARNING: [Board 49-26] cannot add Board Part xilinx.com:vhk158:part0:1.0 available at D:/Vivado/2025.1/data/xhub/boards\XilinxBoardStore\boards\Xilinx\vhk158\production\1.0\board.xml as part xcvh1582-vsva3697-2mp-e-s specified in board_part file is either invalid or not available
WARNING: [Board 49-26] cannot add Board Part xilinx.com:vhk158:part0:1.1 available at D:/Vivado/2025.1/data/xhub/boards\XilinxBoardStore\boards\Xilinx\vhk158\production\1.1\board.xml as part xcvh1582-vsva3697-2mp-e-s specified in board_part file is either invalid or not available
WARNING: [Board 49-26] cannot add Board Part xilinx.com:vhk158:part0:1.2 available at D:/Vivado/2025.1/data/xhub/boards\XilinxBoardStore\boards\Xilinx\vhk158\production\1.2\board.xml as part xcvh1582-vsva3697-2mp-e-s specified in board_part file is either invalid or not available
WARNING: [Board 49-26] cannot add Board Part xilinx.com:vpk180:part0:1.0 available at D:/Vivado/2025.1/data/xhub/boards\XilinxBoardStore\boards\Xilinx\vpk180\production\1.0\board.xml as part xcvp1802-lsvc4072-2mp-e-s specified in board_part file is either invalid or not available
WARNING: [Board 49-26] cannot add Board Part xilinx.com:vpk180:part0:1.1 available at D:/Vivado/2025.1/data/xhub/boards\XilinxBoardStore\boards\Xilinx\vpk180\production\1.1\board.xml as part xcvp1802-lsvc4072-2mp-e-s specified in board_part file is either invalid or not available
WARNING: [Board 49-26] cannot add Board Part xilinx.com:vpk180:part0:1.2 available at D:/Vivado/2025.1/data/xhub/boards\XilinxBoardStore\boards\Xilinx\vpk180\production\1.2\board.xml as part xcvp1802-lsvc4072-2mp-e-s specified in board_part file is either invalid or not available
WARNING: [Board 49-26] cannot add Board Part xilinx.com:zcu111:part0:1.2 available at D:/Vivado/2025.1/data/xhub/boards\XilinxBoardStore\boards\Xilinx\zcu111\1.2\board.xml as part xczu28dr-ffvg1517-2-e specified in board_part file is either invalid or not available
WARNING: [Board 49-26] cannot add Board Part xilinx.com:zcu111:part0:1.3 available at D:/Vivado/2025.1/data/xhub/boards\XilinxBoardStore\boards\Xilinx\zcu111\1.3\board.xml as part xczu28dr-ffvg1517-2-e specified in board_part file is either invalid or not available
WARNING: [Board 49-26] cannot add Board Part xilinx.com:zcu111:part0:1.4 available at D:/Vivado/2025.1/data/xhub/boards\XilinxBoardStore\boards\Xilinx\zcu111\1.4\board.xml as part xczu28dr-ffvg1517-2-e specified in board_part file is either invalid or not available
WARNING: [Board 49-26] cannot add Board Part xilinx.com:zcu1275:part0:1.0 available at D:/Vivado/2025.1/data/xhub/boards\XilinxBoardStore\boards\Xilinx\zcu1275\1.0\board.xml as part xczu29dr-ffvf1760-2-e specified in board_part file is either invalid or not available
WARNING: [Board 49-26] cannot add Board Part xilinx.com:zcu1285:part0:1.0 available at D:/Vivado/2025.1/data/xhub/boards\XilinxBoardStore\boards\Xilinx\zcu1285\1.0\board.xml as part xczu39dr-ffvf1760-2-i specified in board_part file is either invalid or not available
WARNING: [Board 49-26] cannot add Board Part xilinx.com:zcu208:part0:2.0 available at D:/Vivado/2025.1/data/xhub/boards\XilinxBoardStore\boards\Xilinx\zcu208\production\2.0\board.xml as part xczu48dr-fsvg1517-2-e specified in board_part file is either invalid or not available
WARNING: [Board 49-26] cannot add Board Part xilinx.com:zcu208ld:part0:2.0 available at D:/Vivado/2025.1/data/xhub/boards\XilinxBoardStore\boards\Xilinx\zcu208ld\production\2.0\board.xml as part xczu58dr-fsvg1517-2-i specified in board_part file is either invalid or not available
WARNING: [Board 49-26] cannot add Board Part xilinx.com:zcu216:part0:2.0 available at D:/Vivado/2025.1/data/xhub/boards\XilinxBoardStore\boards\Xilinx\zcu216\production\2.0\board.xml as part xczu49dr-ffvf1760-2-e specified in board_part file is either invalid or not available
WARNING: [Board 49-26] cannot add Board Part xilinx.com:zcu216ld:part0:2.0 available at D:/Vivado/2025.1/data/xhub/boards\XilinxBoardStore\boards\Xilinx\zcu216ld\production\2.0\board.xml as part xczu59dr-ffvf1760-2-i specified in board_part file is either invalid or not available
WARNING: [Board 49-26] cannot add Board Part xilinx.com:zcu670:part0:2.0 available at D:/Vivado/2025.1/data/xhub/boards\XilinxBoardStore\boards\Xilinx\zcu670\2.0\board.xml as part xczu67dr-fsve1156-2-i specified in board_part file is either invalid or not available
WARNING: [Board 49-26] cannot add Board Part xilinx.com:zcu670ld:part0:1.0 available at D:/Vivado/2025.1/data/xhub/boards\XilinxBoardStore\boards\Xilinx\zcu670ld\1.0\board.xml as part xczu57dr-fsve1156-2-i specified in board_part file is either invalid or not available
CRITICAL WARNING: [Project 1-19] Could not find the file 'C:/Users/nguye/Desktop/LAB/Project/Pipeline_RISCV/Pipeline_RISCV.srcs/sources_1/imports/RISCV/RISCV.srcs/sources_1/imports/rtl/alu.v'.
CRITICAL WARNING: [Project 1-19] Could not find the file 'C:/Users/nguye/Desktop/LAB/Project/Pipeline_RISCV/Pipeline_RISCV.srcs/sources_1/imports/RISCV/RISCV.srcs/sources_1/new/bj_detect.v'.
CRITICAL WARNING: [Project 1-19] Could not find the file 'C:/Users/nguye/Desktop/LAB/Project/Pipeline_RISCV/Pipeline_RISCV.srcs/sources_1/imports/RISCV/RISCV.srcs/sources_1/new/control_unit.v'.
CRITICAL WARNING: [Project 1-19] Could not find the file 'C:/Users/nguye/Desktop/LAB/Project/Pipeline_RISCV/Pipeline_RISCV.srcs/sources_1/new/cpu_pipeline.v'.
CRITICAL WARNING: [Project 1-19] Could not find the file 'C:/Users/nguye/Desktop/LAB/Project/Pipeline_RISCV/Pipeline_RISCV.srcs/sources_1/imports/RISCV/CNN-SoC/cpu_pipeline/pipeline_reg/ex_mem_reg.v'.
CRITICAL WARNING: [Project 1-19] Could not find the file 'C:/Users/nguye/Desktop/LAB/Project/Pipeline_RISCV/Pipeline_RISCV.srcs/sources_1/imports/RISCV/CNN-SoC/cpu_pipeline/unit_modules/unit_modules_rtl/forwarding_unit.v'.
CRITICAL WARNING: [Project 1-19] Could not find the file 'C:/Users/nguye/Desktop/LAB/Project/Pipeline_RISCV/Pipeline_RISCV.srcs/sources_1/imports/RISCV/RISCV.srcs/sources_1/new/hazard_detection_unit.v'.
CRITICAL WARNING: [Project 1-19] Could not find the file 'C:/Users/nguye/Desktop/LAB/Project/Pipeline_RISCV/Pipeline_RISCV.srcs/sources_1/imports/RISCV/CNN-SoC/cpu_pipeline/pipeline_reg/id_ex_reg.v'.
CRITICAL WARNING: [Project 1-19] Could not find the file 'C:/Users/nguye/Desktop/LAB/Project/Pipeline_RISCV/Pipeline_RISCV.srcs/sources_1/imports/RISCV/CNN-SoC/cpu_pipeline/pipeline_reg/if_id_reg.v'.
CRITICAL WARNING: [Project 1-19] Could not find the file 'C:/Users/nguye/Desktop/LAB/Project/Pipeline_RISCV/Pipeline_RISCV.srcs/sources_1/imports/RISCV/RISCV.srcs/sources_1/imports/rtl/imme_gen.v'.
CRITICAL WARNING: [Project 1-19] Could not find the file 'C:/Users/nguye/Desktop/LAB/Project/Pipeline_RISCV/Pipeline_RISCV.srcs/sources_1/imports/RISCV/RISCV.srcs/sources_1/new/load_alignment.v'.
CRITICAL WARNING: [Project 1-19] Could not find the file 'C:/Users/nguye/Desktop/LAB/Project/Pipeline_RISCV/Pipeline_RISCV.srcs/sources_1/imports/RISCV/CNN-SoC/cpu_pipeline/pipeline_reg/mem_wb_reg.v'.
CRITICAL WARNING: [Project 1-19] Could not find the file 'C:/Users/nguye/Desktop/LAB/Project/Pipeline_RISCV/Pipeline_RISCV.srcs/sources_1/imports/RISCV/RISCV.srcs/sources_1/new/mux_4x1_32bit.v'.
CRITICAL WARNING: [Project 1-19] Could not find the file 'C:/Users/nguye/Desktop/LAB/Project/Pipeline_RISCV/Pipeline_RISCV.srcs/sources_1/imports/RISCV/RISCV.srcs/sources_1/imports/rtl/pc.v'.
CRITICAL WARNING: [Project 1-19] Could not find the file 'C:/Users/nguye/Desktop/LAB/Project/Pipeline_RISCV/Pipeline_RISCV.srcs/sources_1/imports/RISCV/RISCV.srcs/sources_1/imports/rtl/reg_file.v'.
CRITICAL WARNING: [Project 1-19] Could not find the file 'C:/Users/nguye/Desktop/LAB/Project/Pipeline_RISCV/Pipeline_RISCV.srcs/sources_1/imports/RISCV/RISCV.srcs/sources_1/new/store_alignment.v'.
CRITICAL WARNING: [Project 1-19] Could not find the file 'C:/Users/nguye/Desktop/LAB/Project/Pipeline_RISCV/Pipeline_RISCV.srcs/sources_1/new/riscv_wrapper.v'.
CRITICAL WARNING: [Project 1-19] Could not find the file 'C:/Users/nguye/Desktop/LAB/Project/Pipeline_RISCV/Pipeline_RISCV.srcs/sources_1/imports/RISCV/RISCV.srcs/sources_1/imports/utils/encoding.v'.
CRITICAL WARNING: [Project 1-19] Could not find the file 'C:/Users/nguye/Desktop/LAB/Project/Pipeline_RISCV/Pipeline_RISCV.srcs/sources_1/bd/design_1/design_1.bd'.
CRITICAL WARNING: [Project 1-19] Could not find the file 'C:/Users/nguye/Desktop/LAB/Project/Pipeline_RISCV/Pipeline_RISCV.srcs/sources_1/imports/RISCV/RISCV.srcs/sources_1/imports/rtl/dmem.v'.
CRITICAL WARNING: [Project 1-19] Could not find the file 'C:/Users/nguye/Desktop/LAB/Project/Pipeline_RISCV/Pipeline_RISCV.srcs/sources_1/imports/RISCV/RISCV.srcs/sources_1/imports/rtl/imem.v'.
CRITICAL WARNING: [Project 1-19] Could not find the file 'C:/Users/nguye/Desktop/LAB/Project/Pipeline_RISCV/Pipeline_RISCV.srcs/sources_1/new/riscv.v'.
CRITICAL WARNING: [Project 1-19] Could not find the file 'C:/Users/nguye/Desktop/LAB/Project/Pipeline_RISCV/Pipeline_RISCV.srcs/sources_1/new/tb_riscv_1.v'.
CRITICAL WARNING: [Project 1-19] Could not find the file 'C:/Users/nguye/Desktop/LAB/Project/Pipeline_RISCV/Pipeline_RISCV.srcs/sources_1/new/tb_riscv.v'.
CRITICAL WARNING: [Project 1-19] Could not find the file 'C:/Users/nguye/Desktop/LAB/Project/Pipeline_RISCV/Pipeline_RISCV.srcs/sources_1/imports/RISCV/RISCV.srcs/sources_1/new/mux_2x1_32bit.v'.
CRITICAL WARNING: [Project 1-19] Could not find the file 'C:/Users/nguye/Desktop/LAB/Project/Pipeline_RISCV/Pipeline_RISCV.srcs/sources_1/imports/RISCV/RISCV.srcs/sources_1/imports/rtl/mul.v'.
CRITICAL WARNING: [Project 1-19] Could not find the file 'C:/Users/nguye/Desktop/LAB/Project/Pipeline_RISCV/Pipeline_RISCV.srcs/sources_1/imports/new/machine_code.mem'.
CRITICAL WARNING: [Project 1-19] Could not find the file 'C:/Users/nguye/Desktop/LAB/Project/Pipeline_RISCV/Pipeline_RISCV.srcs/sources_1/new/riscv_test.v'.
Scanning sources...
Finished scanning sources
WARNING: [Board 49-26] cannot add Board Part xilinx.com:emb-plus-vpr-4616:part0:1.0 available at D:/Vivado/2025.1/data/xhub/boards\XilinxBoardStore\boards\Xilinx\emb-plus-vpr-4616\1.0\board.xml as part xcve2302-sfva784-2mp-e-s specified in board_part file is either invalid or not available
WARNING: [Board 49-26] cannot add Board Part xilinx.com:emb-plus-vpr-4616:part0:1.1 available at D:/Vivado/2025.1/data/xhub/boards\XilinxBoardStore\boards\Xilinx\emb-plus-vpr-4616\1.1\board.xml as part xcve2302-sfva784-2mp-e-s specified in board_part file is either invalid or not available
WARNING: [Board 49-26] cannot add Board Part xilinx.com:kc705:part0:1.6 available at D:/Vivado/2025.1/data/xhub/boards\XilinxBoardStore\boards\Xilinx\kc705\1.6\board.xml as part xc7k325tffg900-2 specified in board_part file is either invalid or not available
WARNING: [Board 49-26] cannot add Board Part xilinx.com:kc705:part0:1.7 available at D:/Vivado/2025.1/data/xhub/boards\XilinxBoardStore\boards\Xilinx\kc705\1.7\board.xml as part xc7k325tffg900-2 specified in board_part file is either invalid or not available
WARNING: [Board 49-26] cannot add Board Part xilinx.com:kcu105:part0:1.6 available at D:/Vivado/2025.1/data/xhub/boards\XilinxBoardStore\boards\Xilinx\kcu105\1.6\board.xml as part xcku040-ffva1156-2-e specified in board_part file is either invalid or not available
WARNING: [Board 49-26] cannot add Board Part xilinx.com:kcu105:part0:1.7 available at D:/Vivado/2025.1/data/xhub/boards\XilinxBoardStore\boards\Xilinx\kcu105\1.7\board.xml as part xcku040-ffva1156-2-e specified in board_part file is either invalid or not available
WARNING: [Board 49-26] cannot add Board Part xilinx.com:sp701:part0:1.0 available at D:/Vivado/2025.1/data/xhub/boards\XilinxBoardStore\boards\Xilinx\sp701\1.0\board.xml as part xc7s100fgga676-2 specified in board_part file is either invalid or not available
WARNING: [Board 49-26] cannot add Board Part xilinx.com:sp701:part0:1.1 available at D:/Vivado/2025.1/data/xhub/boards\XilinxBoardStore\boards\Xilinx\sp701\1.1\board.xml as part xc7s100fgga676-2 specified in board_part file is either invalid or not available
WARNING: [Board 49-26] cannot add Board Part xilinx.com:v80:part0:1.0 available at D:/Vivado/2025.1/data/xhub/boards\XilinxBoardStore\boards\Xilinx\v80\1.0\board.xml as part xcv80-lsva4737-2mhp-e-s specified in board_part file is either invalid or not available
WARNING: [Board 49-26] cannot add Board Part xilinx.com:vc707:part0:1.4 available at D:/Vivado/2025.1/data/xhub/boards\XilinxBoardStore\boards\Xilinx\vc707\1.4\board.xml as part xc7vx485tffg1761-2 specified in board_part file is either invalid or not available
WARNING: [Board 49-26] cannot add Board Part xilinx.com:vc707:part0:1.5 available at D:/Vivado/2025.1/data/xhub/boards\XilinxBoardStore\boards\Xilinx\vc707\1.5\board.xml as part xc7vx485tffg1761-2 specified in board_part file is either invalid or not available
WARNING: [Board 49-26] cannot add Board Part xilinx.com:vc709:part0:1.8 available at D:/Vivado/2025.1/data/xhub/boards\XilinxBoardStore\boards\Xilinx\vc709\1.8\board.xml as part xc7vx690tffg1761-2 specified in board_part file is either invalid or not available
WARNING: [Board 49-26] cannot add Board Part xilinx.com:vcu108:part0:1.6 available at D:/Vivado/2025.1/data/xhub/boards\XilinxBoardStore\boards\Xilinx\vcu108\1.6\board.xml as part xcvu095-ffva2104-2-e specified in board_part file is either invalid or not available
WARNING: [Board 49-26] cannot add Board Part xilinx.com:vcu108:part0:1.7 available at D:/Vivado/2025.1/data/xhub/boards\XilinxBoardStore\boards\Xilinx\vcu108\1.7\board.xml as part xcvu095-ffva2104-2-e specified in board_part file is either invalid or not available
WARNING: [Board 49-26] cannot add Board Part xilinx.com:vcu110:part0:1.4 available at D:/Vivado/2025.1/data/xhub/boards\XilinxBoardStore\boards\Xilinx\vcu110\1.4\board.xml as part xcvu190-flgc2104-2-e specified in board_part file is either invalid or not available
WARNING: [Board 49-26] cannot add Board Part xilinx.com:vcu128:part0:1.0 available at D:/Vivado/2025.1/data/xhub/boards\XilinxBoardStore\boards\Xilinx\vcu128\production\1.0\board.xml as part xcvu37p-fsvh2892-2l-e specified in board_part file is either invalid or not available
WARNING: [Board 49-26] cannot add Board Part xilinx.com:vcu129:part0:1.0 available at D:/Vivado/2025.1/data/xhub/boards\XilinxBoardStore\boards\Xilinx\vcu129\production\1.0\board.xml as part xcvu29p-fsga2577-2l-e specified in board_part file is either invalid or not available
WARNING: [Board 49-26] cannot add Board Part xilinx.com:vek280:part0:1.0 available at D:/Vivado/2025.1/data/xhub/boards\XilinxBoardStore\boards\Xilinx\vek280\production\1.0\board.xml as part xcve2802-vsvh1760-2mp-e-s specified in board_part file is either invalid or not available
WARNING: [Board 49-26] cannot add Board Part xilinx.com:vek280:part0:1.1 available at D:/Vivado/2025.1/data/xhub/boards\XilinxBoardStore\boards\Xilinx\vek280\production\1.1\board.xml as part xcve2802-vsvh1760-2mp-e-s specified in board_part file is either invalid or not available
WARNING: [Board 49-26] cannot add Board Part xilinx.com:vek280:part0:1.2 available at D:/Vivado/2025.1/data/xhub/boards\XilinxBoardStore\boards\Xilinx\vek280\production\1.2\board.xml as part xcve2802-vsvh1760-2mp-e-s specified in board_part file is either invalid or not available
WARNING: [Board 49-26] cannot add Board Part xilinx.com:vek385:part0:1.0 available at D:/Vivado/2025.1/data/xhub/boards\XilinxBoardStore\boards\Xilinx\vek385\1.0\board.xml as part xc2ve3858-ssva2112-2mp-e-s specified in board_part file is either invalid or not available
WARNING: [Board 49-26] cannot add Board Part xilinx.com:vermeo_t1_rfsoc:part0:1.0 available at D:/Vivado/2025.1/data/xhub/boards\XilinxBoardStore\boards\Xilinx\vermeo_t1_rfsoc\1.0\board.xml as part xczu21dr-ffvd1156-2l-e specified in board_part file is either invalid or not available
WARNING: [Board 49-26] cannot add Board Part xilinx.com:vhk158:part0:1.0 available at D:/Vivado/2025.1/data/xhub/boards\XilinxBoardStore\boards\Xilinx\vhk158\production\1.0\board.xml as part xcvh1582-vsva3697-2mp-e-s specified in board_part file is either invalid or not available
WARNING: [Board 49-26] cannot add Board Part xilinx.com:vhk158:part0:1.1 available at D:/Vivado/2025.1/data/xhub/boards\XilinxBoardStore\boards\Xilinx\vhk158\production\1.1\board.xml as part xcvh1582-vsva3697-2mp-e-s specified in board_part file is either invalid or not available
WARNING: [Board 49-26] cannot add Board Part xilinx.com:vhk158:part0:1.2 available at D:/Vivado/2025.1/data/xhub/boards\XilinxBoardStore\boards\Xilinx\vhk158\production\1.2\board.xml as part xcvh1582-vsva3697-2mp-e-s specified in board_part file is either invalid or not available
WARNING: [Board 49-26] cannot add Board Part xilinx.com:vpk180:part0:1.0 available at D:/Vivado/2025.1/data/xhub/boards\XilinxBoardStore\boards\Xilinx\vpk180\production\1.0\board.xml as part xcvp1802-lsvc4072-2mp-e-s specified in board_part file is either invalid or not available
WARNING: [Board 49-26] cannot add Board Part xilinx.com:vpk180:part0:1.1 available at D:/Vivado/2025.1/data/xhub/boards\XilinxBoardStore\boards\Xilinx\vpk180\production\1.1\board.xml as part xcvp1802-lsvc4072-2mp-e-s specified in board_part file is either invalid or not available
WARNING: [Board 49-26] cannot add Board Part xilinx.com:vpk180:part0:1.2 available at D:/Vivado/2025.1/data/xhub/boards\XilinxBoardStore\boards\Xilinx\vpk180\production\1.2\board.xml as part xcvp1802-lsvc4072-2mp-e-s specified in board_part file is either invalid or not available
WARNING: [Board 49-26] cannot add Board Part xilinx.com:zcu111:part0:1.2 available at D:/Vivado/2025.1/data/xhub/boards\XilinxBoardStore\boards\Xilinx\zcu111\1.2\board.xml as part xczu28dr-ffvg1517-2-e specified in board_part file is either invalid or not available
WARNING: [Board 49-26] cannot add Board Part xilinx.com:zcu111:part0:1.3 available at D:/Vivado/2025.1/data/xhub/boards\XilinxBoardStore\boards\Xilinx\zcu111\1.3\board.xml as part xczu28dr-ffvg1517-2-e specified in board_part file is either invalid or not available
WARNING: [Board 49-26] cannot add Board Part xilinx.com:zcu111:part0:1.4 available at D:/Vivado/2025.1/data/xhub/boards\XilinxBoardStore\boards\Xilinx\zcu111\1.4\board.xml as part xczu28dr-ffvg1517-2-e specified in board_part file is either invalid or not available
WARNING: [Board 49-26] cannot add Board Part xilinx.com:zcu1275:part0:1.0 available at D:/Vivado/2025.1/data/xhub/boards\XilinxBoardStore\boards\Xilinx\zcu1275\1.0\board.xml as part xczu29dr-ffvf1760-2-e specified in board_part file is either invalid or not available
WARNING: [Board 49-26] cannot add Board Part xilinx.com:zcu1285:part0:1.0 available at D:/Vivado/2025.1/data/xhub/boards\XilinxBoardStore\boards\Xilinx\zcu1285\1.0\board.xml as part xczu39dr-ffvf1760-2-i specified in board_part file is either invalid or not available
WARNING: [Board 49-26] cannot add Board Part xilinx.com:zcu208:part0:2.0 available at D:/Vivado/2025.1/data/xhub/boards\XilinxBoardStore\boards\Xilinx\zcu208\production\2.0\board.xml as part xczu48dr-fsvg1517-2-e specified in board_part file is either invalid or not available
WARNING: [Board 49-26] cannot add Board Part xilinx.com:zcu208ld:part0:2.0 available at D:/Vivado/2025.1/data/xhub/boards\XilinxBoardStore\boards\Xilinx\zcu208ld\production\2.0\board.xml as part xczu58dr-fsvg1517-2-i specified in board_part file is either invalid or not available
WARNING: [Board 49-26] cannot add Board Part xilinx.com:zcu216:part0:2.0 available at D:/Vivado/2025.1/data/xhub/boards\XilinxBoardStore\boards\Xilinx\zcu216\production\2.0\board.xml as part xczu49dr-ffvf1760-2-e specified in board_part file is either invalid or not available
WARNING: [Board 49-26] cannot add Board Part xilinx.com:zcu216ld:part0:2.0 available at D:/Vivado/2025.1/data/xhub/boards\XilinxBoardStore\boards\Xilinx\zcu216ld\production\2.0\board.xml as part xczu59dr-ffvf1760-2-i specified in board_part file is either invalid or not available
WARNING: [Board 49-26] cannot add Board Part xilinx.com:zcu670:part0:2.0 available at D:/Vivado/2025.1/data/xhub/boards\XilinxBoardStore\boards\Xilinx\zcu670\2.0\board.xml as part xczu67dr-fsve1156-2-i specified in board_part file is either invalid or not available
WARNING: [Board 49-26] cannot add Board Part xilinx.com:zcu670ld:part0:1.0 available at D:/Vivado/2025.1/data/xhub/boards\XilinxBoardStore\boards\Xilinx\zcu670ld\1.0\board.xml as part xczu57dr-fsve1156-2-i specified in board_part file is either invalid or not available
WARNING: [Board 49-151] The current board 'xilinx.com::kv260_som:1.4' is from a local repo. The vivado install has a corresponding board with version greater than or equal to the local repo board. Please use boards from vivado install to avoid any upgrade/migrate issues
INFO: [IP_Flow 19-234] Refreshing IP repositories
INFO: [IP_Flow 19-1704] No user IP repositories specified
INFO: [IP_Flow 19-2313] Loaded Vivado IP repository 'D:/Vivado/2025.1/Vivado/data/ip'.
open_project: Time (s): cpu = 00:00:18 ; elapsed = 00:00:07 . Memory (MB): peak = 1750.086 ; gain = 235.562
update_compile_order -fileset sources_1
export_ip_user_files -of_objects  [get_files C:/Users/nguye/Desktop/LAB/Project/Pipeline_RISCV/Pipeline_RISCV.srcs/sources_1/imports/RISCV/RISCV.srcs/sources_1/imports/rtl/alu.v] -no_script -reset -force -quiet
export_ip_user_files -of_objects  [get_files C:/Users/nguye/Desktop/LAB/Project/Pipeline_RISCV/Pipeline_RISCV.srcs/sources_1/imports/RISCV/RISCV.srcs/sources_1/new/bj_detect.v] -no_script -reset -force -quiet
export_ip_user_files -of_objects  [get_files C:/Users/nguye/Desktop/LAB/Project/Pipeline_RISCV/Pipeline_RISCV.srcs/sources_1/imports/RISCV/RISCV.srcs/sources_1/new/control_unit.v] -no_script -reset -force -quiet
export_ip_user_files -of_objects  [get_files C:/Users/nguye/Desktop/LAB/Project/Pipeline_RISCV/Pipeline_RISCV.srcs/sources_1/new/cpu_pipeline.v] -no_script -reset -force -quiet
export_ip_user_files -of_objects  [get_files C:/Users/nguye/Desktop/LAB/Project/Pipeline_RISCV/Pipeline_RISCV.srcs/sources_1/imports/RISCV/RISCV.srcs/sources_1/imports/rtl/dmem.v] -no_script -reset -force -quiet
export_ip_user_files -of_objects  [get_files C:/Users/nguye/Desktop/LAB/Project/Pipeline_RISCV/Pipeline_RISCV.srcs/sources_1/imports/RISCV/RISCV.srcs/sources_1/imports/utils/encoding.v] -no_script -reset -force -quiet
export_ip_user_files -of_objects  [get_files C:/Users/nguye/Desktop/LAB/Project/Pipeline_RISCV/Pipeline_RISCV.srcs/sources_1/imports/RISCV/CNN-SoC/cpu_pipeline/pipeline_reg/ex_mem_reg.v] -no_script -reset -force -quiet
export_ip_user_files -of_objects  [get_files C:/Users/nguye/Desktop/LAB/Project/Pipeline_RISCV/Pipeline_RISCV.srcs/sources_1/imports/RISCV/CNN-SoC/cpu_pipeline/unit_modules/unit_modules_rtl/forwarding_unit.v] -no_script -reset -force -quiet
export_ip_user_files -of_objects  [get_files C:/Users/nguye/Desktop/LAB/Project/Pipeline_RISCV/Pipeline_RISCV.srcs/sources_1/imports/RISCV/RISCV.srcs/sources_1/new/hazard_detection_unit.v] -no_script -reset -force -quiet
export_ip_user_files -of_objects  [get_files C:/Users/nguye/Desktop/LAB/Project/Pipeline_RISCV/Pipeline_RISCV.srcs/sources_1/imports/RISCV/CNN-SoC/cpu_pipeline/pipeline_reg/id_ex_reg.v] -no_script -reset -force -quiet
export_ip_user_files -of_objects  [get_files C:/Users/nguye/Desktop/LAB/Project/Pipeline_RISCV/Pipeline_RISCV.srcs/sources_1/imports/RISCV/CNN-SoC/cpu_pipeline/pipeline_reg/if_id_reg.v] -no_script -reset -force -quiet
export_ip_user_files -of_objects  [get_files C:/Users/nguye/Desktop/LAB/Project/Pipeline_RISCV/Pipeline_RISCV.srcs/sources_1/imports/RISCV/RISCV.srcs/sources_1/imports/rtl/imem.v] -no_script -reset -force -quiet
export_ip_user_files -of_objects  [get_files C:/Users/nguye/Desktop/LAB/Project/Pipeline_RISCV/Pipeline_RISCV.srcs/sources_1/imports/RISCV/RISCV.srcs/sources_1/imports/rtl/imme_gen.v] -no_script -reset -force -quiet
export_ip_user_files -of_objects  [get_files C:/Users/nguye/Desktop/LAB/Project/Pipeline_RISCV/Pipeline_RISCV.srcs/sources_1/imports/RISCV/RISCV.srcs/sources_1/new/load_alignment.v] -no_script -reset -force -quiet
export_ip_user_files -of_objects  [get_files C:/Users/nguye/Desktop/LAB/Project/Pipeline_RISCV/Pipeline_RISCV.srcs/sources_1/imports/RISCV/CNN-SoC/cpu_pipeline/pipeline_reg/mem_wb_reg.v] -no_script -reset -force -quiet
export_ip_user_files -of_objects  [get_files C:/Users/nguye/Desktop/LAB/Project/Pipeline_RISCV/Pipeline_RISCV.srcs/sources_1/imports/RISCV/RISCV.srcs/sources_1/imports/rtl/mul.v] -no_script -reset -force -quiet
export_ip_user_files -of_objects  [get_files C:/Users/nguye/Desktop/LAB/Project/Pipeline_RISCV/Pipeline_RISCV.srcs/sources_1/imports/RISCV/RISCV.srcs/sources_1/new/mux_2x1_32bit.v] -no_script -reset -force -quiet
export_ip_user_files -of_objects  [get_files C:/Users/nguye/Desktop/LAB/Project/Pipeline_RISCV/Pipeline_RISCV.srcs/sources_1/imports/RISCV/RISCV.srcs/sources_1/new/mux_4x1_32bit.v] -no_script -reset -force -quiet
export_ip_user_files -of_objects  [get_files C:/Users/nguye/Desktop/LAB/Project/Pipeline_RISCV/Pipeline_RISCV.srcs/sources_1/imports/RISCV/RISCV.srcs/sources_1/imports/rtl/pc.v] -no_script -reset -force -quiet
export_ip_user_files -of_objects  [get_files C:/Users/nguye/Desktop/LAB/Project/Pipeline_RISCV/Pipeline_RISCV.srcs/sources_1/imports/RISCV/RISCV.srcs/sources_1/imports/rtl/reg_file.v] -no_script -reset -force -quiet
export_ip_user_files -of_objects  [get_files C:/Users/nguye/Desktop/LAB/Project/Pipeline_RISCV/Pipeline_RISCV.srcs/sources_1/new/riscv.v] -no_script -reset -force -quiet
export_ip_user_files -of_objects  [get_files C:/Users/nguye/Desktop/LAB/Project/Pipeline_RISCV/Pipeline_RISCV.srcs/sources_1/new/riscv_test.v] -no_script -reset -force -quiet
export_ip_user_files -of_objects  [get_files C:/Users/nguye/Desktop/LAB/Project/Pipeline_RISCV/Pipeline_RISCV.srcs/sources_1/new/riscv_wrapper.v] -no_script -reset -force -quiet
export_ip_user_files -of_objects  [get_files C:/Users/nguye/Desktop/LAB/Project/Pipeline_RISCV/Pipeline_RISCV.srcs/sources_1/imports/RISCV/RISCV.srcs/sources_1/new/store_alignment.v] -no_script -reset -force -quiet
export_ip_user_files -of_objects  [get_files C:/Users/nguye/Desktop/LAB/Project/Pipeline_RISCV/Pipeline_RISCV.srcs/sources_1/new/tb_riscv.v] -no_script -reset -force -quiet
export_ip_user_files -of_objects  [get_files C:/Users/nguye/Desktop/LAB/Project/Pipeline_RISCV/Pipeline_RISCV.srcs/sources_1/new/tb_riscv_1.v] -no_script -reset -force -quiet
remove_files  {C:/Users/nguye/Desktop/LAB/Project/Pipeline_RISCV/Pipeline_RISCV.srcs/sources_1/imports/RISCV/RISCV.srcs/sources_1/imports/rtl/alu.v C:/Users/nguye/Desktop/LAB/Project/Pipeline_RISCV/Pipeline_RISCV.srcs/sources_1/imports/RISCV/RISCV.srcs/sources_1/new/bj_detect.v C:/Users/nguye/Desktop/LAB/Project/Pipeline_RISCV/Pipeline_RISCV.srcs/sources_1/imports/RISCV/RISCV.srcs/sources_1/new/control_unit.v C:/Users/nguye/Desktop/LAB/Project/Pipeline_RISCV/Pipeline_RISCV.srcs/sources_1/new/cpu_pipeline.v C:/Users/nguye/Desktop/LAB/Project/Pipeline_RISCV/Pipeline_RISCV.srcs/sources_1/imports/RISCV/RISCV.srcs/sources_1/imports/rtl/dmem.v C:/Users/nguye/Desktop/LAB/Project/Pipeline_RISCV/Pipeline_RISCV.srcs/sources_1/imports/RISCV/RISCV.srcs/sources_1/imports/utils/encoding.v C:/Users/nguye/Desktop/LAB/Project/Pipeline_RISCV/Pipeline_RISCV.srcs/sources_1/imports/RISCV/CNN-SoC/cpu_pipeline/pipeline_reg/ex_mem_reg.v C:/Users/nguye/Desktop/LAB/Project/Pipeline_RISCV/Pipeline_RISCV.srcs/sources_1/imports/RISCV/CNN-SoC/cpu_pipeline/unit_modules/unit_modules_rtl/forwarding_unit.v C:/Users/nguye/Desktop/LAB/Project/Pipeline_RISCV/Pipeline_RISCV.srcs/sources_1/imports/RISCV/RISCV.srcs/sources_1/new/hazard_detection_unit.v C:/Users/nguye/Desktop/LAB/Project/Pipeline_RISCV/Pipeline_RISCV.srcs/sources_1/imports/RISCV/CNN-SoC/cpu_pipeline/pipeline_reg/id_ex_reg.v C:/Users/nguye/Desktop/LAB/Project/Pipeline_RISCV/Pipeline_RISCV.srcs/sources_1/imports/RISCV/CNN-SoC/cpu_pipeline/pipeline_reg/if_id_reg.v C:/Users/nguye/Desktop/LAB/Project/Pipeline_RISCV/Pipeline_RISCV.srcs/sources_1/imports/RISCV/RISCV.srcs/sources_1/imports/rtl/imem.v C:/Users/nguye/Desktop/LAB/Project/Pipeline_RISCV/Pipeline_RISCV.srcs/sources_1/imports/RISCV/RISCV.srcs/sources_1/imports/rtl/imme_gen.v C:/Users/nguye/Desktop/LAB/Project/Pipeline_RISCV/Pipeline_RISCV.srcs/sources_1/imports/RISCV/RISCV.srcs/sources_1/new/load_alignment.v C:/Users/nguye/Desktop/LAB/Project/Pipeline_RISCV/Pipeline_RISCV.srcs/sources_1/imports/RISCV/CNN-SoC/cpu_pipeline/pipeline_reg/mem_wb_reg.v C:/Users/nguye/Desktop/LAB/Project/Pipeline_RISCV/Pipeline_RISCV.srcs/sources_1/imports/RISCV/RISCV.srcs/sources_1/imports/rtl/mul.v C:/Users/nguye/Desktop/LAB/Project/Pipeline_RISCV/Pipeline_RISCV.srcs/sources_1/imports/RISCV/RISCV.srcs/sources_1/new/mux_2x1_32bit.v C:/Users/nguye/Desktop/LAB/Project/Pipeline_RISCV/Pipeline_RISCV.srcs/sources_1/imports/RISCV/RISCV.srcs/sources_1/new/mux_4x1_32bit.v C:/Users/nguye/Desktop/LAB/Project/Pipeline_RISCV/Pipeline_RISCV.srcs/sources_1/imports/RISCV/RISCV.srcs/sources_1/imports/rtl/pc.v C:/Users/nguye/Desktop/LAB/Project/Pipeline_RISCV/Pipeline_RISCV.srcs/sources_1/imports/RISCV/RISCV.srcs/sources_1/imports/rtl/reg_file.v C:/Users/nguye/Desktop/LAB/Project/Pipeline_RISCV/Pipeline_RISCV.srcs/sources_1/new/riscv.v C:/Users/nguye/Desktop/LAB/Project/Pipeline_RISCV/Pipeline_RISCV.srcs/sources_1/new/riscv_test.v C:/Users/nguye/Desktop/LAB/Project/Pipeline_RISCV/Pipeline_RISCV.srcs/sources_1/new/riscv_wrapper.v C:/Users/nguye/Desktop/LAB/Project/Pipeline_RISCV/Pipeline_RISCV.srcs/sources_1/imports/RISCV/RISCV.srcs/sources_1/new/store_alignment.v C:/Users/nguye/Desktop/LAB/Project/Pipeline_RISCV/Pipeline_RISCV.srcs/sources_1/new/tb_riscv.v C:/Users/nguye/Desktop/LAB/Project/Pipeline_RISCV/Pipeline_RISCV.srcs/sources_1/new/tb_riscv_1.v}
export_ip_user_files -of_objects  [get_files C:/Users/nguye/Desktop/LAB/Project/Pipeline_RISCV/Pipeline_RISCV.srcs/sources_1/imports/new/machine_code.mem] -no_script -reset -force -quiet
remove_files  C:/Users/nguye/Desktop/LAB/Project/Pipeline_RISCV/Pipeline_RISCV.srcs/sources_1/imports/new/machine_code.mem
add_files -norecurse -scan_for_includes C:/Users/nguye/Desktop/LAB/Project/Pipeline_RISCV/Pipeline_RISCV.srcs/sources_1/utils/machine_code.mem
add_files -norecurse -scan_for_includes {C:/Users/nguye/Desktop/LAB/Project/Pipeline_RISCV/Pipeline_RISCV.srcs/sources_1/control_unit/hazard_detection_unit.v C:/Users/nguye/Desktop/LAB/Project/Pipeline_RISCV/Pipeline_RISCV.srcs/sources_1/functional_unit/pc.v C:/Users/nguye/Desktop/LAB/Project/Pipeline_RISCV/Pipeline_RISCV.srcs/sources_1/pipeline_register/id_ex_reg.v C:/Users/nguye/Desktop/LAB/Project/Pipeline_RISCV/Pipeline_RISCV.srcs/sources_1/pipeline_register/ex_mem_reg.v C:/Users/nguye/Desktop/LAB/Project/Pipeline_RISCV/Pipeline_RISCV.srcs/sources_1/top_module/riscv.v C:/Users/nguye/Desktop/LAB/Project/Pipeline_RISCV/Pipeline_RISCV.srcs/sources_1/top_module/cpu_pipeline.v C:/Users/nguye/Desktop/LAB/Project/Pipeline_RISCV/Pipeline_RISCV.srcs/sources_1/utils/mux_4x1_32bit.v C:/Users/nguye/Desktop/LAB/Project/Pipeline_RISCV/Pipeline_RISCV.srcs/sources_1/functional_unit/alu.v C:/Users/nguye/Desktop/LAB/Project/Pipeline_RISCV/Pipeline_RISCV.srcs/sources_1/pipeline_register/mem_wb_reg.v C:/Users/nguye/Desktop/LAB/Project/Pipeline_RISCV/Pipeline_RISCV.srcs/sources_1/utils/encoding.v C:/Users/nguye/Desktop/LAB/Project/Pipeline_RISCV/Pipeline_RISCV.srcs/sources_1/utils/mux_2x1_32bit.v C:/Users/nguye/Desktop/LAB/Project/Pipeline_RISCV/Pipeline_RISCV.srcs/sources_1/control_unit/forwarding_unit.v C:/Users/nguye/Desktop/LAB/Project/Pipeline_RISCV/Pipeline_RISCV.srcs/sources_1/memory_unit/store_alignment.v C:/Users/nguye/Desktop/LAB/Project/Pipeline_RISCV/Pipeline_RISCV.srcs/sources_1/control_unit/bj_detect.v C:/Users/nguye/Desktop/LAB/Project/Pipeline_RISCV/Pipeline_RISCV.srcs/sources_1/memory_unit/load_alignment.v C:/Users/nguye/Desktop/LAB/Project/Pipeline_RISCV/Pipeline_RISCV.srcs/sources_1/memory_unit/dmem.v C:/Users/nguye/Desktop/LAB/Project/Pipeline_RISCV/Pipeline_RISCV.srcs/sources_1/functional_unit/mul.v C:/Users/nguye/Desktop/LAB/Project/Pipeline_RISCV/Pipeline_RISCV.srcs/sources_1/functional_unit/unsigned_div.v C:/Users/nguye/Desktop/LAB/Project/Pipeline_RISCV/Pipeline_RISCV.srcs/sources_1/testbench/tb_riscv_1.v C:/Users/nguye/Desktop/LAB/Project/Pipeline_RISCV/Pipeline_RISCV.srcs/sources_1/pipeline_register/if_id_reg.v C:/Users/nguye/Desktop/LAB/Project/Pipeline_RISCV/Pipeline_RISCV.srcs/sources_1/memory_unit/imem.v C:/Users/nguye/Desktop/LAB/Project/Pipeline_RISCV/Pipeline_RISCV.srcs/sources_1/control_unit/control_unit.v C:/Users/nguye/Desktop/LAB/Project/Pipeline_RISCV/Pipeline_RISCV.srcs/sources_1/memory_unit/reg_file.v C:/Users/nguye/Desktop/LAB/Project/Pipeline_RISCV/Pipeline_RISCV.srcs/sources_1/top_module/riscv_wrapper.v C:/Users/nguye/Desktop/LAB/Project/Pipeline_RISCV/Pipeline_RISCV.srcs/sources_1/functional_unit/imme_gen.v C:/Users/nguye/Desktop/LAB/Project/Pipeline_RISCV/Pipeline_RISCV.srcs/sources_1/testbench/tb_riscv.v}
update_compile_order -fileset sources_1
add_files -norecurse -scan_for_includes C:/Users/nguye/Desktop/LAB/Project/Pipeline_RISCV/Pipeline_RISCV.srcs/sources_1/utils/encoding.v
WARNING: [filemgmt 56-12] File 'C:/Users/nguye/Desktop/LAB/Project/Pipeline_RISCV/Pipeline_RISCV.srcs/sources_1/utils/encoding.v' cannot be added to the project because it already exists in the project, skipping this file
open_bd_design {C:/Users/nguye/Desktop/LAB/Project/Pipeline_RISCV/Pipeline_RISCV.srcs/sources_1/bd/design_1/design_1.bd}
ERROR: [BD 41-1296] Cannot read block design file <C:/Users/nguye/Desktop/LAB/Project/Pipeline_RISCV/Pipeline_RISCV.srcs/sources_1/bd/design_1/design_1.bd>, check for the correct location of the file.
ERROR: [Common 17-39] 'open_bd_design' failed due to earlier errors.
exit
INFO: [Common 17-206] Exiting Vivado at Wed Apr  1 17:30:57 2026...
