Vivado Simulator v2025.1.0
Copyright 1986-2022 Xilinx, Inc. All Rights Reserved.
Copyright 2022-2025 Advanced Micro Devices, Inc. All Rights Reserved.
Running: C:/Xilinx/2025.1/Vivado/bin/unwrapped/win64.o/xelab.exe --incr --debug typical --relax --mt 2 -L xil_defaultlib -L unisims_ver -L unimacro_ver -L secureip --snapshot tb_riscv_behav xil_defaultlib.tb_riscv xil_defaultlib.glbl -log elaborate.log 
Using 2 slave threads.
Starting static elaboration
Pass Through NonSizing Optimizer
Completed static elaboration
Starting simulation data flow analysis
Completed simulation data flow analysis
Time Resolution for simulation is 1ps
Compiling module xil_defaultlib.pc
Compiling module xil_defaultlib.if_id_reg
Compiling module xil_defaultlib.control_unit
Compiling module xil_defaultlib.reg_file_default
Compiling module xil_defaultlib.imme_gen
Compiling module xil_defaultlib.hazard_detection_unit
Compiling module xil_defaultlib.id_ex_reg
Compiling module xil_defaultlib.forwarding_unit
Compiling module xil_defaultlib.mux_4x1_32bit
Compiling module xil_defaultlib.alu
Compiling module xil_defaultlib.bj_detect
Compiling module xil_defaultlib.ex_mem_reg
Compiling module xil_defaultlib.store_alignment
Compiling module xil_defaultlib.mem_wb_reg
Compiling module xil_defaultlib.load_alignment
Compiling module xil_defaultlib.cpu_pipeline
Compiling module xil_defaultlib.imem
Compiling module xil_defaultlib.dmem
Compiling module xil_defaultlib.riscv
Compiling module xil_defaultlib.tb_riscv
Compiling module xil_defaultlib.glbl
Built simulation snapshot tb_riscv_behav
