
*** Running vivado
    with args -log riscv.vds -m64 -product Vivado -mode batch -messageDb vivado.pb -notrace -source riscv.tcl



****** Vivado v2025.1 (64-bit)
  **** SW Build 6140274 on Thu May 22 00:12:29 MDT 2025
  **** IP Build 6138677 on Thu May 22 03:10:11 MDT 2025
  **** SharedData Build 6139179 on Tue May 20 17:58:58 MDT 2025
  **** Start of session at: Sun Mar 15 23:42:26 2026
    ** Copyright 1986-2022 Xilinx, Inc. All Rights Reserved.
    ** Copyright 2022-2025 Advanced Micro Devices, Inc. All Rights Reserved.

source riscv.tcl -notrace
create_project: Time (s): cpu = 00:00:12 ; elapsed = 00:00:09 . Memory (MB): peak = 518.949 ; gain = 213.410
Command: read_checkpoint -auto_incremental -incremental D:/Hoc_Tap/Dai_hoc/HK6/DoAn1/Pipeline_RISCV/Pipeline_RISCV.srcs/utils_1/imports/synth_1/tb_riscv_1.dcp
INFO: [Vivado 12-5825] Read reference checkpoint from D:/Hoc_Tap/Dai_hoc/HK6/DoAn1/Pipeline_RISCV/Pipeline_RISCV.srcs/utils_1/imports/synth_1/tb_riscv_1.dcp for incremental synthesis
INFO: [Vivado 12-7989] Please ensure there are no constraint changes
Command: synth_design -top riscv -part xck26-sfvc784-2LV-c
Starting synth_design
Attempting to get a license for feature 'Synthesis' and/or device 'xck26'
INFO: [Common 17-349] Got license for feature 'Synthesis' and/or device 'xck26'
INFO: [Designutils 20-5440] No compile time benefit to using incremental synthesis; A full resynthesis will be run
INFO: [Designutils 20-4379] Flow is switching to default flow due to incremental criteria not met. If you would like to alter this behaviour and have the flow terminate instead, please set the following parameter config_implementation {autoIncr.Synth.RejectBehavior Terminate}
INFO: [Synth 8-7079] Multithreading enabled for synth_design using a maximum of 2 processes.
INFO: [Synth 8-7078] Launching helper process for spawning children vivado processes
INFO: [Synth 8-7075] Helper process launched with PID 5652
---------------------------------------------------------------------------------
Starting Synthesize : Time (s): cpu = 00:00:07 ; elapsed = 00:00:08 . Memory (MB): peak = 1030.828 ; gain = 494.832
---------------------------------------------------------------------------------
INFO: [Synth 8-11241] undeclared symbol 'rv_done_o', assumed default net type 'wire' [D:/Hoc_Tap/Dai_hoc/HK6/DoAn1/Pipeline_RISCV/Pipeline_RISCV.srcs/sources_1/new/cpu_pipeline.v:172]
INFO: [Synth 8-6157] synthesizing module 'riscv' [D:/Hoc_Tap/Dai_hoc/HK6/DoAn1/Pipeline_RISCV/Pipeline_RISCV.srcs/sources_1/new/riscv.v:23]
INFO: [Synth 8-6157] synthesizing module 'cpu_pipeline' [D:/Hoc_Tap/Dai_hoc/HK6/DoAn1/Pipeline_RISCV/Pipeline_RISCV.srcs/sources_1/new/cpu_pipeline.v:15]
INFO: [Synth 8-6157] synthesizing module 'pc' [D:/Hoc_Tap/Dai_hoc/HK6/DoAn1/Pipeline_RISCV/Pipeline_RISCV.srcs/sources_1/imports/RISCV/RISCV.srcs/sources_1/imports/rtl/pc.v:22]
INFO: [Synth 8-6155] done synthesizing module 'pc' (0#1) [D:/Hoc_Tap/Dai_hoc/HK6/DoAn1/Pipeline_RISCV/Pipeline_RISCV.srcs/sources_1/imports/RISCV/RISCV.srcs/sources_1/imports/rtl/pc.v:22]
INFO: [Synth 8-6157] synthesizing module 'if_id_reg' [D:/Hoc_Tap/Dai_hoc/HK6/DoAn1/Pipeline_RISCV/Pipeline_RISCV.srcs/sources_1/imports/RISCV/CNN-SoC/cpu_pipeline/pipeline_reg/if_id_reg.v:23]
INFO: [Synth 8-6155] done synthesizing module 'if_id_reg' (0#1) [D:/Hoc_Tap/Dai_hoc/HK6/DoAn1/Pipeline_RISCV/Pipeline_RISCV.srcs/sources_1/imports/RISCV/CNN-SoC/cpu_pipeline/pipeline_reg/if_id_reg.v:23]
INFO: [Synth 8-6157] synthesizing module 'control_unit' [D:/Hoc_Tap/Dai_hoc/HK6/DoAn1/Pipeline_RISCV/Pipeline_RISCV.srcs/sources_1/imports/RISCV/RISCV.srcs/sources_1/new/control_unit.v:23]
INFO: [Synth 8-6155] done synthesizing module 'control_unit' (0#1) [D:/Hoc_Tap/Dai_hoc/HK6/DoAn1/Pipeline_RISCV/Pipeline_RISCV.srcs/sources_1/imports/RISCV/RISCV.srcs/sources_1/new/control_unit.v:23]
INFO: [Synth 8-6157] synthesizing module 'reg_file' [D:/Hoc_Tap/Dai_hoc/HK6/DoAn1/Pipeline_RISCV/Pipeline_RISCV.srcs/sources_1/imports/RISCV/RISCV.srcs/sources_1/imports/rtl/reg_file.v:23]
INFO: [Synth 8-6155] done synthesizing module 'reg_file' (0#1) [D:/Hoc_Tap/Dai_hoc/HK6/DoAn1/Pipeline_RISCV/Pipeline_RISCV.srcs/sources_1/imports/RISCV/RISCV.srcs/sources_1/imports/rtl/reg_file.v:23]
INFO: [Synth 8-6157] synthesizing module 'imme_gen' [D:/Hoc_Tap/Dai_hoc/HK6/DoAn1/Pipeline_RISCV/Pipeline_RISCV.srcs/sources_1/imports/RISCV/RISCV.srcs/sources_1/imports/rtl/imme_gen.v:23]
INFO: [Synth 8-6155] done synthesizing module 'imme_gen' (0#1) [D:/Hoc_Tap/Dai_hoc/HK6/DoAn1/Pipeline_RISCV/Pipeline_RISCV.srcs/sources_1/imports/RISCV/RISCV.srcs/sources_1/imports/rtl/imme_gen.v:23]
INFO: [Synth 8-6157] synthesizing module 'hazard_detection_unit' [D:/Hoc_Tap/Dai_hoc/HK6/DoAn1/Pipeline_RISCV/Pipeline_RISCV.srcs/sources_1/imports/RISCV/RISCV.srcs/sources_1/new/hazard_detection_unit.v:23]
INFO: [Synth 8-6155] done synthesizing module 'hazard_detection_unit' (0#1) [D:/Hoc_Tap/Dai_hoc/HK6/DoAn1/Pipeline_RISCV/Pipeline_RISCV.srcs/sources_1/imports/RISCV/RISCV.srcs/sources_1/new/hazard_detection_unit.v:23]
INFO: [Synth 8-6157] synthesizing module 'id_ex_reg' [D:/Hoc_Tap/Dai_hoc/HK6/DoAn1/Pipeline_RISCV/Pipeline_RISCV.srcs/sources_1/imports/RISCV/CNN-SoC/cpu_pipeline/pipeline_reg/id_ex_reg.v:23]
INFO: [Synth 8-6155] done synthesizing module 'id_ex_reg' (0#1) [D:/Hoc_Tap/Dai_hoc/HK6/DoAn1/Pipeline_RISCV/Pipeline_RISCV.srcs/sources_1/imports/RISCV/CNN-SoC/cpu_pipeline/pipeline_reg/id_ex_reg.v:23]
INFO: [Synth 8-6157] synthesizing module 'forwarding_unit' [D:/Hoc_Tap/Dai_hoc/HK6/DoAn1/Pipeline_RISCV/Pipeline_RISCV.srcs/sources_1/imports/RISCV/CNN-SoC/cpu_pipeline/unit_modules/unit_modules_rtl/forwarding_unit.v:23]
INFO: [Synth 8-6155] done synthesizing module 'forwarding_unit' (0#1) [D:/Hoc_Tap/Dai_hoc/HK6/DoAn1/Pipeline_RISCV/Pipeline_RISCV.srcs/sources_1/imports/RISCV/CNN-SoC/cpu_pipeline/unit_modules/unit_modules_rtl/forwarding_unit.v:23]
INFO: [Synth 8-6157] synthesizing module 'mux_4x1_32bit' [D:/Hoc_Tap/Dai_hoc/HK6/DoAn1/Pipeline_RISCV/Pipeline_RISCV.srcs/sources_1/imports/RISCV/RISCV.srcs/sources_1/new/mux_4x1_32bit.v:23]
INFO: [Synth 8-6155] done synthesizing module 'mux_4x1_32bit' (0#1) [D:/Hoc_Tap/Dai_hoc/HK6/DoAn1/Pipeline_RISCV/Pipeline_RISCV.srcs/sources_1/imports/RISCV/RISCV.srcs/sources_1/new/mux_4x1_32bit.v:23]
INFO: [Synth 8-6157] synthesizing module 'alu' [D:/Hoc_Tap/Dai_hoc/HK6/DoAn1/Pipeline_RISCV/Pipeline_RISCV.srcs/sources_1/imports/RISCV/RISCV.srcs/sources_1/imports/rtl/alu.v:23]
INFO: [Synth 8-6155] done synthesizing module 'alu' (0#1) [D:/Hoc_Tap/Dai_hoc/HK6/DoAn1/Pipeline_RISCV/Pipeline_RISCV.srcs/sources_1/imports/RISCV/RISCV.srcs/sources_1/imports/rtl/alu.v:23]
INFO: [Synth 8-6157] synthesizing module 'bj_detect' [D:/Hoc_Tap/Dai_hoc/HK6/DoAn1/Pipeline_RISCV/Pipeline_RISCV.srcs/sources_1/imports/RISCV/RISCV.srcs/sources_1/new/bj_detect.v:24]
INFO: [Synth 8-6155] done synthesizing module 'bj_detect' (0#1) [D:/Hoc_Tap/Dai_hoc/HK6/DoAn1/Pipeline_RISCV/Pipeline_RISCV.srcs/sources_1/imports/RISCV/RISCV.srcs/sources_1/new/bj_detect.v:24]
INFO: [Synth 8-6157] synthesizing module 'ex_mem_reg' [D:/Hoc_Tap/Dai_hoc/HK6/DoAn1/Pipeline_RISCV/Pipeline_RISCV.srcs/sources_1/imports/RISCV/CNN-SoC/cpu_pipeline/pipeline_reg/ex_mem_reg.v:23]
INFO: [Synth 8-6155] done synthesizing module 'ex_mem_reg' (0#1) [D:/Hoc_Tap/Dai_hoc/HK6/DoAn1/Pipeline_RISCV/Pipeline_RISCV.srcs/sources_1/imports/RISCV/CNN-SoC/cpu_pipeline/pipeline_reg/ex_mem_reg.v:23]
INFO: [Synth 8-6157] synthesizing module 'store_alignment' [D:/Hoc_Tap/Dai_hoc/HK6/DoAn1/Pipeline_RISCV/Pipeline_RISCV.srcs/sources_1/imports/RISCV/RISCV.srcs/sources_1/new/store_alignment.v:25]
INFO: [Synth 8-6155] done synthesizing module 'store_alignment' (0#1) [D:/Hoc_Tap/Dai_hoc/HK6/DoAn1/Pipeline_RISCV/Pipeline_RISCV.srcs/sources_1/imports/RISCV/RISCV.srcs/sources_1/new/store_alignment.v:25]
INFO: [Synth 8-6157] synthesizing module 'mem_wb_reg' [D:/Hoc_Tap/Dai_hoc/HK6/DoAn1/Pipeline_RISCV/Pipeline_RISCV.srcs/sources_1/imports/RISCV/CNN-SoC/cpu_pipeline/pipeline_reg/mem_wb_reg.v:25]
INFO: [Synth 8-6155] done synthesizing module 'mem_wb_reg' (0#1) [D:/Hoc_Tap/Dai_hoc/HK6/DoAn1/Pipeline_RISCV/Pipeline_RISCV.srcs/sources_1/imports/RISCV/CNN-SoC/cpu_pipeline/pipeline_reg/mem_wb_reg.v:25]
INFO: [Synth 8-6157] synthesizing module 'load_alignment' [D:/Hoc_Tap/Dai_hoc/HK6/DoAn1/Pipeline_RISCV/Pipeline_RISCV.srcs/sources_1/imports/RISCV/RISCV.srcs/sources_1/new/load_alignment.v:24]
INFO: [Synth 8-6155] done synthesizing module 'load_alignment' (0#1) [D:/Hoc_Tap/Dai_hoc/HK6/DoAn1/Pipeline_RISCV/Pipeline_RISCV.srcs/sources_1/imports/RISCV/RISCV.srcs/sources_1/new/load_alignment.v:24]
INFO: [Synth 8-6155] done synthesizing module 'cpu_pipeline' (0#1) [D:/Hoc_Tap/Dai_hoc/HK6/DoAn1/Pipeline_RISCV/Pipeline_RISCV.srcs/sources_1/new/cpu_pipeline.v:15]
INFO: [Synth 8-6157] synthesizing module 'imem' [D:/Hoc_Tap/Dai_hoc/HK6/DoAn1/Pipeline_RISCV/Pipeline_RISCV.srcs/sources_1/imports/RISCV/RISCV.srcs/sources_1/imports/rtl/imem.v:24]
	Parameter DATA_WIDTH bound to: 32 - type: integer 
	Parameter NUM_INS bound to: 1000 - type: integer 
INFO: [Synth 8-3876] $readmem data file 'D:/Hoc_Tap/Dai_hoc/HK6/DoAn1/Pipeline_RISCV/Pipeline_RISCV.srcs/sources_1/imports/new/machine_code.mem' is read successfully [D:/Hoc_Tap/Dai_hoc/HK6/DoAn1/Pipeline_RISCV/Pipeline_RISCV.srcs/sources_1/imports/RISCV/RISCV.srcs/sources_1/imports/rtl/imem.v:40]
INFO: [Synth 8-6155] done synthesizing module 'imem' (0#1) [D:/Hoc_Tap/Dai_hoc/HK6/DoAn1/Pipeline_RISCV/Pipeline_RISCV.srcs/sources_1/imports/RISCV/RISCV.srcs/sources_1/imports/rtl/imem.v:24]
INFO: [Synth 8-6157] synthesizing module 'dmem' [D:/Hoc_Tap/Dai_hoc/HK6/DoAn1/Pipeline_RISCV/Pipeline_RISCV.srcs/sources_1/imports/RISCV/RISCV.srcs/sources_1/imports/rtl/dmem.v:25]
	Parameter DATA_WIDTH bound to: 32 - type: integer 
	Parameter NUM_WORDS bound to: 2048 - type: integer 
INFO: [Synth 8-6155] done synthesizing module 'dmem' (0#1) [D:/Hoc_Tap/Dai_hoc/HK6/DoAn1/Pipeline_RISCV/Pipeline_RISCV.srcs/sources_1/imports/RISCV/RISCV.srcs/sources_1/imports/rtl/dmem.v:25]
INFO: [Synth 8-6155] done synthesizing module 'riscv' (0#1) [D:/Hoc_Tap/Dai_hoc/HK6/DoAn1/Pipeline_RISCV/Pipeline_RISCV.srcs/sources_1/new/riscv.v:23]
WARNING: [Synth 8-3848] Net id_d1_bjsel in module/entity cpu_pipeline does not have driver. [D:/Hoc_Tap/Dai_hoc/HK6/DoAn1/Pipeline_RISCV/Pipeline_RISCV.srcs/sources_1/new/cpu_pipeline.v:71]
WARNING: [Synth 8-3848] Net id_d2_bjsel in module/entity cpu_pipeline does not have driver. [D:/Hoc_Tap/Dai_hoc/HK6/DoAn1/Pipeline_RISCV/Pipeline_RISCV.srcs/sources_1/new/cpu_pipeline.v:71]
WARNING: [Synth 8-7129] Port addr_i[31] in module dmem is either unconnected or has no load
WARNING: [Synth 8-7129] Port addr_i[30] in module dmem is either unconnected or has no load
WARNING: [Synth 8-7129] Port addr_i[29] in module dmem is either unconnected or has no load
WARNING: [Synth 8-7129] Port addr_i[28] in module dmem is either unconnected or has no load
WARNING: [Synth 8-7129] Port addr_i[27] in module dmem is either unconnected or has no load
WARNING: [Synth 8-7129] Port addr_i[26] in module dmem is either unconnected or has no load
WARNING: [Synth 8-7129] Port addr_i[25] in module dmem is either unconnected or has no load
WARNING: [Synth 8-7129] Port addr_i[24] in module dmem is either unconnected or has no load
WARNING: [Synth 8-7129] Port addr_i[23] in module dmem is either unconnected or has no load
WARNING: [Synth 8-7129] Port addr_i[22] in module dmem is either unconnected or has no load
WARNING: [Synth 8-7129] Port addr_i[21] in module dmem is either unconnected or has no load
WARNING: [Synth 8-7129] Port addr_i[20] in module dmem is either unconnected or has no load
WARNING: [Synth 8-7129] Port addr_i[19] in module dmem is either unconnected or has no load
WARNING: [Synth 8-7129] Port addr_i[18] in module dmem is either unconnected or has no load
WARNING: [Synth 8-7129] Port addr_i[17] in module dmem is either unconnected or has no load
WARNING: [Synth 8-7129] Port addr_i[16] in module dmem is either unconnected or has no load
WARNING: [Synth 8-7129] Port addr_i[15] in module dmem is either unconnected or has no load
WARNING: [Synth 8-7129] Port addr_i[14] in module dmem is either unconnected or has no load
WARNING: [Synth 8-7129] Port addr_i[13] in module dmem is either unconnected or has no load
WARNING: [Synth 8-7129] Port addr_i[1] in module dmem is either unconnected or has no load
WARNING: [Synth 8-7129] Port addr_i[0] in module dmem is either unconnected or has no load
WARNING: [Synth 8-7129] Port addr_i[1] in module imem is either unconnected or has no load
WARNING: [Synth 8-7129] Port addr_i[0] in module imem is either unconnected or has no load
WARNING: [Synth 8-7129] Port funct7[6] in module control_unit is either unconnected or has no load
WARNING: [Synth 8-7129] Port funct7[4] in module control_unit is either unconnected or has no load
WARNING: [Synth 8-7129] Port funct7[3] in module control_unit is either unconnected or has no load
WARNING: [Synth 8-7129] Port funct7[2] in module control_unit is either unconnected or has no load
WARNING: [Synth 8-7129] Port funct7[1] in module control_unit is either unconnected or has no load
---------------------------------------------------------------------------------
Finished Synthesize : Time (s): cpu = 00:00:09 ; elapsed = 00:00:10 . Memory (MB): peak = 1145.719 ; gain = 609.723
---------------------------------------------------------------------------------
---------------------------------------------------------------------------------
Finished Constraint Validation : Time (s): cpu = 00:00:10 ; elapsed = 00:00:11 . Memory (MB): peak = 1145.719 ; gain = 609.723
---------------------------------------------------------------------------------
---------------------------------------------------------------------------------
Start Loading Part and Timing Information
---------------------------------------------------------------------------------
Loading part: xck26-sfvc784-2LV-c
INFO: [Synth 8-6742] Reading net delay rules and data
INFO: [Device 21-403] Loading part xck26-sfvc784-2LV-c
---------------------------------------------------------------------------------
Finished Loading Part and Timing Information : Time (s): cpu = 00:00:10 ; elapsed = 00:00:11 . Memory (MB): peak = 1145.719 ; gain = 609.723
---------------------------------------------------------------------------------
---------------------------------------------------------------------------------
Finished RTL Optimization Phase 2 : Time (s): cpu = 00:00:12 ; elapsed = 00:00:12 . Memory (MB): peak = 1173.184 ; gain = 637.188
---------------------------------------------------------------------------------
No constraint files found.
---------------------------------------------------------------------------------
Start RTL Component Statistics 
---------------------------------------------------------------------------------
Detailed RTL Component Info : 
+---Adders : 
	   2 Input   32 Bit       Adders := 4     
	   3 Input   32 Bit       Adders := 1     
+---XORs : 
	   2 Input     32 Bit         XORs := 1     
+---Registers : 
	               32 Bit    Registers := 48    
	                5 Bit    Registers := 6     
	                4 Bit    Registers := 3     
	                3 Bit    Registers := 1     
	                2 Bit    Registers := 7     
	                1 Bit    Registers := 10    
+---RAMs : 
	              64K Bit	(2048 X 32 bit)          RAMs := 1     
+---Muxes : 
	   2 Input   32 Bit        Muxes := 19    
	   4 Input   32 Bit        Muxes := 4     
	 336 Input   32 Bit        Muxes := 1     
	   4 Input   16 Bit        Muxes := 1     
	   4 Input    8 Bit        Muxes := 1     
	   2 Input    8 Bit        Muxes := 1     
	   2 Input    5 Bit        Muxes := 1     
	   6 Input    4 Bit        Muxes := 1     
	   2 Input    4 Bit        Muxes := 3     
	   4 Input    4 Bit        Muxes := 1     
	   3 Input    2 Bit        Muxes := 2     
	   2 Input    1 Bit        Muxes := 33    
---------------------------------------------------------------------------------
Finished RTL Component Statistics 
---------------------------------------------------------------------------------
---------------------------------------------------------------------------------
Start Part Resource Summary
---------------------------------------------------------------------------------
Part Resources:
DSPs: 1248 (col length:96)
BRAMs: 288 (col length: RAMB18 96 RAMB36 48)
---------------------------------------------------------------------------------
Finished Part Resource Summary
---------------------------------------------------------------------------------
No constraint files found.
---------------------------------------------------------------------------------
Start Cross Boundary and Area Optimization
---------------------------------------------------------------------------------
WARNING: [Synth 8-7080] Parallel synthesis criteria is not met
WARNING: [Synth 8-7129] Port addr_i[31] in module imem is either unconnected or has no load
WARNING: [Synth 8-7129] Port addr_i[30] in module imem is either unconnected or has no load
WARNING: [Synth 8-7129] Port addr_i[29] in module imem is either unconnected or has no load
WARNING: [Synth 8-7129] Port addr_i[28] in module imem is either unconnected or has no load
WARNING: [Synth 8-7129] Port addr_i[27] in module imem is either unconnected or has no load
WARNING: [Synth 8-7129] Port addr_i[26] in module imem is either unconnected or has no load
WARNING: [Synth 8-7129] Port addr_i[25] in module imem is either unconnected or has no load
WARNING: [Synth 8-7129] Port addr_i[24] in module imem is either unconnected or has no load
WARNING: [Synth 8-7129] Port addr_i[23] in module imem is either unconnected or has no load
WARNING: [Synth 8-7129] Port addr_i[22] in module imem is either unconnected or has no load
WARNING: [Synth 8-7129] Port addr_i[21] in module imem is either unconnected or has no load
WARNING: [Synth 8-7129] Port addr_i[20] in module imem is either unconnected or has no load
WARNING: [Synth 8-7129] Port addr_i[19] in module imem is either unconnected or has no load
WARNING: [Synth 8-7129] Port addr_i[18] in module imem is either unconnected or has no load
WARNING: [Synth 8-7129] Port addr_i[17] in module imem is either unconnected or has no load
WARNING: [Synth 8-7129] Port addr_i[16] in module imem is either unconnected or has no load
WARNING: [Synth 8-7129] Port addr_i[15] in module imem is either unconnected or has no load
WARNING: [Synth 8-7129] Port addr_i[14] in module imem is either unconnected or has no load
WARNING: [Synth 8-7129] Port addr_i[13] in module imem is either unconnected or has no load
WARNING: [Synth 8-7129] Port addr_i[12] in module imem is either unconnected or has no load
WARNING: [Synth 8-7129] Port addr_i[11] in module imem is either unconnected or has no load
WARNING: [Synth 8-7129] Port addr_i[1] in module imem is either unconnected or has no load
WARNING: [Synth 8-7129] Port addr_i[0] in module imem is either unconnected or has no load
WARNING: [Synth 8-7129] Port funct7[6] in module control_unit is either unconnected or has no load
WARNING: [Synth 8-7129] Port funct7[4] in module control_unit is either unconnected or has no load
WARNING: [Synth 8-7129] Port funct7[3] in module control_unit is either unconnected or has no load
WARNING: [Synth 8-7129] Port funct7[2] in module control_unit is either unconnected or has no load
WARNING: [Synth 8-7129] Port funct7[1] in module control_unit is either unconnected or has no load
INFO: [Synth 8-7124] RAM ("riscv/data_memory/ram_reg") is implemented using BRAM instead of URAM. Memory would be severely underutilized if URAMs are used
---------------------------------------------------------------------------------
Finished Cross Boundary and Area Optimization : Time (s): cpu = 00:00:20 ; elapsed = 00:00:23 . Memory (MB): peak = 1956.387 ; gain = 1420.391
---------------------------------------------------------------------------------
No constraint files found.
---------------------------------------------------------------------------------
Start Timing Optimization
---------------------------------------------------------------------------------
---------------------------------------------------------------------------------
Finished Timing Optimization : Time (s): cpu = 00:00:20 ; elapsed = 00:00:23 . Memory (MB): peak = 1956.387 ; gain = 1420.391
---------------------------------------------------------------------------------
---------------------------------------------------------------------------------
Start Technology Mapping
---------------------------------------------------------------------------------
---------------------------------------------------------------------------------
Finished Technology Mapping : Time (s): cpu = 00:00:20 ; elapsed = 00:00:23 . Memory (MB): peak = 1956.387 ; gain = 1420.391
---------------------------------------------------------------------------------
---------------------------------------------------------------------------------
Start IO Insertion
---------------------------------------------------------------------------------
---------------------------------------------------------------------------------
Start Flattening Before IO Insertion
---------------------------------------------------------------------------------
---------------------------------------------------------------------------------
Finished Flattening Before IO Insertion
---------------------------------------------------------------------------------
---------------------------------------------------------------------------------
Start Final Netlist Cleanup
---------------------------------------------------------------------------------
---------------------------------------------------------------------------------
Finished Final Netlist Cleanup
---------------------------------------------------------------------------------
---------------------------------------------------------------------------------
Finished IO Insertion : Time (s): cpu = 00:00:25 ; elapsed = 00:00:29 . Memory (MB): peak = 2105.641 ; gain = 1569.645
---------------------------------------------------------------------------------
---------------------------------------------------------------------------------
Start Renaming Generated Instances
---------------------------------------------------------------------------------
---------------------------------------------------------------------------------
Finished Renaming Generated Instances : Time (s): cpu = 00:00:25 ; elapsed = 00:00:29 . Memory (MB): peak = 2105.641 ; gain = 1569.645
---------------------------------------------------------------------------------
---------------------------------------------------------------------------------
Start Rebuilding User Hierarchy
---------------------------------------------------------------------------------
---------------------------------------------------------------------------------
Finished Rebuilding User Hierarchy : Time (s): cpu = 00:00:25 ; elapsed = 00:00:29 . Memory (MB): peak = 2105.641 ; gain = 1569.645
---------------------------------------------------------------------------------
---------------------------------------------------------------------------------
Start Renaming Generated Ports
---------------------------------------------------------------------------------
---------------------------------------------------------------------------------
Finished Renaming Generated Ports : Time (s): cpu = 00:00:25 ; elapsed = 00:00:29 . Memory (MB): peak = 2105.641 ; gain = 1569.645
---------------------------------------------------------------------------------
---------------------------------------------------------------------------------
Start Handling Custom Attributes
---------------------------------------------------------------------------------
---------------------------------------------------------------------------------
Finished Handling Custom Attributes : Time (s): cpu = 00:00:25 ; elapsed = 00:00:29 . Memory (MB): peak = 2105.641 ; gain = 1569.645
---------------------------------------------------------------------------------
---------------------------------------------------------------------------------
Start Renaming Generated Nets
---------------------------------------------------------------------------------
---------------------------------------------------------------------------------
Finished Renaming Generated Nets : Time (s): cpu = 00:00:25 ; elapsed = 00:00:29 . Memory (MB): peak = 2105.641 ; gain = 1569.645
---------------------------------------------------------------------------------
---------------------------------------------------------------------------------
Start Writing Synthesis Report
---------------------------------------------------------------------------------

Report BlackBoxes: 
+-+--------------+----------+
| |BlackBox name |Instances |
+-+--------------+----------+
+-+--------------+----------+

Report Cell Usage: 
+-+-----+------+
| |Cell |Count |
+-+-----+------+
+-+-----+------+

Report Instance Areas: 
+------+---------+-------+------+
|      |Instance |Module |Cells |
+------+---------+-------+------+
|1     |top      |       |     0|
+------+---------+-------+------+
---------------------------------------------------------------------------------
Finished Writing Synthesis Report : Time (s): cpu = 00:00:25 ; elapsed = 00:00:29 . Memory (MB): peak = 2105.641 ; gain = 1569.645
---------------------------------------------------------------------------------
Synthesis finished with 0 errors, 0 critical warnings and 59 warnings.
Synthesis Optimization Runtime : Time (s): cpu = 00:00:25 ; elapsed = 00:00:29 . Memory (MB): peak = 2105.641 ; gain = 1569.645
Synthesis Optimization Complete : Time (s): cpu = 00:00:25 ; elapsed = 00:00:29 . Memory (MB): peak = 2105.641 ; gain = 1569.645
INFO: [Project 1-571] Translating synthesized netlist
Netlist sorting complete. Time (s): cpu = 00:00:00 ; elapsed = 00:00:00 . Memory (MB): peak = 2106.746 ; gain = 0.000
INFO: [Project 1-570] Preparing netlist for logic optimization
INFO: [Opt 31-138] Pushed 0 inverter(s) to 0 load pin(s).
Netlist sorting complete. Time (s): cpu = 00:00:00 ; elapsed = 00:00:00 . Memory (MB): peak = 2227.848 ; gain = 0.000
INFO: [Project 1-111] Unisim Transformation Summary:
No Unisim elements were transformed.

Synth Design complete | Checksum: 9502d8a5
INFO: [Common 17-83] Releasing license: Synthesis
56 Infos, 59 Warnings, 0 Critical Warnings and 0 Errors encountered.
synth_design completed successfully
synth_design: Time (s): cpu = 00:00:27 ; elapsed = 00:00:33 . Memory (MB): peak = 2227.848 ; gain = 1703.848
INFO: [Common 17-1381] The checkpoint 'D:/Hoc_Tap/Dai_hoc/HK6/DoAn1/Pipeline_RISCV/Pipeline_RISCV.runs/synth_1/riscv.dcp' has been generated.
INFO: [Vivado 12-24828] Executing command : report_utilization -file riscv_utilization_synth.rpt -pb riscv_utilization_synth.pb
INFO: [Common 17-206] Exiting Vivado at Sun Mar 15 23:43:13 2026...
